<?xml version="1.0" encoding="UTF-8"?>
<!-- Generated by org.testng.reporters.JUnitReportReporter -->
<testsuite hostname="LAPTOP-IJEJF9I0" failures="0" tests="1" name="com.Test.Test_1" time="3.926" errors="0" timestamp="2022-12-09T19:57:20 IST" skipped="0">
  <testcase classname="com.Test.Test_1" name="verify_loginpage" time="3.926"/>
  <system-out/>
</testsuite> <!-- com.Test.Test_1 -->
